<?xml version="1.0" encoding="UTF-8"?>
<testsuite name="QuickSortTest" tests="15" skipped="0" failures="0" errors="0" timestamp="2024-05-03T16:29:38" hostname="juan-Surface-Pro-4" time="0.112">
  <properties/>
  <testcase name="testPartitionEqualElements()" classname="QuickSortTest" time="0.03"/>
  <testcase name="testSortArrayWithAllEqualNumbers()" classname="QuickSortTest" time="0.005"/>
  <testcase name="testPartitionSingleElementArray()" classname="QuickSortTest" time="0.002"/>
  <testcase name="testSortEmptyArray()" classname="QuickSortTest" time="0.003"/>
  <testcase name="testSortAlreadySorted()" classname="QuickSortTest" time="0.007"/>
  <testcase name="testPrintStringSingleElement()" classname="QuickSortTest" time="0.005"/>
  <testcase name="testSortArrayWithHugeRangeOfValues()" classname="QuickSortTest" time="0.004"/>
  <testcase name="testSortArrayWithNegativeNumbers()" classname="QuickSortTest" time="0.001"/>
  <testcase name="testSortArrayWithRepeatedNumbers()" classname="QuickSortTest" time="0.001"/>
  <testcase name="testSortRandomArray()" classname="QuickSortTest" time="0.001"/>
  <testcase name="testSortArrayWithLargeRandomValues()" classname="QuickSortTest" time="0.008"/>
  <testcase name="testSortDuplicateElements()" classname="QuickSortTest" time="0.002"/>
  <testcase name="testSortSingleElementArray()" classname="QuickSortTest" time="0.001"/>
  <testcase name="testSortLargeArray()" classname="QuickSortTest" time="0.001"/>
  <testcase name="testSortReverseSorted()" classname="QuickSortTest" time="0.002"/>
  <system-out><![CDATA[]]></system-out>
  <system-err><![CDATA[]]></system-err>
</testsuite>
